<?xml version="1.0" encoding="UTF-8"?>
<testsuite name="com.packtpub.springsecurity.CalendarApplicationTests" tests="1" skipped="0" failures="0" errors="0" timestamp="2023-09-30T13:34:19" hostname="BADR-N.local" time="0.487">
  <properties/>
  <testcase name="test_user1_Login()" classname="com.packtpub.springsecurity.CalendarApplicationTests" time="0.487"/>
  <system-out><![CDATA[15:34:18.352 [Test worker] INFO org.springframework.test.context.support.AnnotationConfigContextLoaderUtils -- Could not detect default configuration classes for test class [com.packtpub.springsecurity.CalendarApplicationTests]: CalendarApplicationTests does not declare any static, non-private, non-final, nested classes annotated with @Configuration.
15:34:18.409 [Test worker] INFO org.springframework.boot.test.context.SpringBootTestContextBootstrapper -- Found @SpringBootConfiguration com.packtpub.springsecurity.CalendarApplication for test class com.packtpub.springsecurity.CalendarApplicationTests

  .   ____          _            __ _ _
 /\\ / ___'_ __ _ _(_)_ __  __ _ \ \ \ \
( ( )\___ | '_ | '_| | '_ \/ _` | \ \ \ \
 \\/  ___)| |_)| | | | | || (_| |  ) ) ) )
  '  |____| .__|_| |_|_| |_\__, | / / / /
 =========|_|==============|___/=/_/_/_/
 :: Spring Boot ::                (v3.1.3)

2023-09-30T15:34:18.588+02:00  INFO 70451 --- [    Test worker] c.p.s.CalendarApplicationTests           : Starting CalendarApplicationTests using Java 17.0.6 with PID 70451 (started by Badr.NassLahsen in /Users/Badr.NassLahsen/Downloads/Spring-Security-Fourth-Edition/Chapter04/chapter04.06-calendar)
2023-09-30T15:34:18.589+02:00  INFO 70451 --- [    Test worker] c.p.s.CalendarApplicationTests           : No active profile set, falling back to 1 default profile: "default"
2023-09-30T15:34:18.899+02:00  INFO 70451 --- [    Test worker] .s.d.r.c.RepositoryConfigurationDelegate : Bootstrapping Spring Data JDBC repositories in DEFAULT mode.
2023-09-30T15:34:18.920+02:00  INFO 70451 --- [    Test worker] .s.d.r.c.RepositoryConfigurationDelegate : Finished Spring Data repository scanning in 19 ms. Found 0 JDBC repository interfaces.
2023-09-30T15:34:19.071+02:00  INFO 70451 --- [    Test worker] o.s.j.d.e.EmbeddedDatabaseFactory        : Starting embedded database: url='jdbc:h2:mem:dataSource;DB_CLOSE_DELAY=-1;DB_CLOSE_ON_EXIT=false', username='sa'
2023-09-30T15:34:19.208+02:00  INFO 70451 --- [    Test worker] o.s.s.p.JdbcUserDetailsManager           : No authentication manager set. Reauthentication of users when changing passwords will not be performed.
2023-09-30T15:34:19.313+02:00  INFO 70451 --- [    Test worker] o.s.s.web.DefaultSecurityFilterChain     : Will secure any request with [org.springframework.security.web.session.DisableEncodeUrlFilter@5aea8994, org.springframework.security.web.context.request.async.WebAsyncManagerIntegrationFilter@20a3e10c, org.springframework.security.web.context.SecurityContextPersistenceFilter@42cf6349, org.springframework.security.web.header.HeaderWriterFilter@2d22d3b1, org.springframework.security.web.authentication.logout.LogoutFilter@6a8a551e, org.springframework.security.web.authentication.UsernamePasswordAuthenticationFilter@282c4da0, org.springframework.security.web.savedrequest.RequestCacheAwareFilter@1a2e563e, org.springframework.security.web.servletapi.SecurityContextHolderAwareRequestFilter@5b066c33, org.springframework.security.web.authentication.AnonymousAuthenticationFilter@426c0486, org.springframework.security.web.access.ExceptionTranslationFilter@71c0b742, org.springframework.security.web.access.intercept.FilterSecurityInterceptor@6bce4140]
2023-09-30T15:34:19.468+02:00  INFO 70451 --- [    Test worker] o.s.b.a.w.s.WelcomePageHandlerMapping    : Adding welcome page template: index
2023-09-30T15:34:19.776+02:00  INFO 70451 --- [    Test worker] o.s.b.a.h2.H2ConsoleAutoConfiguration    : H2 console available at '/admin/h2'. Database available at 'jdbc:h2:mem:dataSource'
2023-09-30T15:34:19.789+02:00  INFO 70451 --- [    Test worker] o.s.b.t.m.w.SpringBootMockServletContext : Initializing Spring TestDispatcherServlet ''
2023-09-30T15:34:19.790+02:00  INFO 70451 --- [    Test worker] o.s.t.web.servlet.TestDispatcherServlet  : Initializing Servlet ''
2023-09-30T15:34:19.790+02:00  INFO 70451 --- [    Test worker] o.s.t.web.servlet.TestDispatcherServlet  : Completed initialization in 0 ms
2023-09-30T15:34:19.809+02:00  INFO 70451 --- [    Test worker] c.p.s.CalendarApplicationTests           : Started CalendarApplicationTests in 1.337 seconds (process running for 1.925)

MockHttpServletRequest:
      HTTP Method = POST
      Request URI = /login
       Parameters = {username=[user1@example.com], password=[user1]}
          Headers = [Content-Type:"application/x-www-form-urlencoded;charset=UTF-8", Accept:"text/html"]
             Body = null
    Session Attrs = {SPRING_SECURITY_CONTEXT=SecurityContextImpl [Authentication=UsernamePasswordAuthenticationToken [Principal=org.springframework.security.core.userdetails.User [Username=user1@example.com, Password=[PROTECTED], Enabled=true, AccountNonExpired=true, credentialsNonExpired=true, AccountNonLocked=true, Granted Authorities=[ROLE_USER]], Credentials=[PROTECTED], Authenticated=true, Details=WebAuthenticationDetails [RemoteIpAddress=127.0.0.1, SessionId=null], Granted Authorities=[ROLE_USER]]]}

Handler:
             Type = null

Async:
    Async started = false
     Async result = null

Resolved Exception:
             Type = null

ModelAndView:
        View name = null
             View = null
            Model = null

FlashMap:
       Attributes = null

MockHttpServletResponse:
           Status = 302
    Error message = null
          Headers = [X-Content-Type-Options:"nosniff", X-XSS-Protection:"0", Cache-Control:"no-cache, no-store, max-age=0, must-revalidate", Pragma:"no-cache", Expires:"0", Location:"/default"]
     Content type = null
             Body = 
    Forwarded URL = null
   Redirected URL = /default
          Cookies = []
2023-09-30T15:34:20.306+02:00  INFO 70451 --- [    Test worker] o.s.j.d.e.EmbeddedDatabaseFactory        : Shutting down embedded database: url='jdbc:h2:mem:dataSource;DB_CLOSE_DELAY=-1;DB_CLOSE_ON_EXIT=false'
]]></system-out>
  <system-err><![CDATA[]]></system-err>
</testsuite>
